2019/03/30 11:24:22.533 [I] [parser.go:112]  generate router from comments
2019/03/30 11:24:22.541 [I] [router.go:270]  /Volumes/data/MyWork/goWork/src/WebHooks/controllers no changed
2019/03/30 11:24:22.547 [I] [asm_amd64.s:1333]  http server Running on http://:9990
2019/03/30 11:24:28.995 [E] [hook.go:18]  aaa 
2019/03/30 11:24:28.996 [D] [server.go:2741]  |            ::1|[42m 200 [0m|    905.527µs|   match|[44m GET     [0m /hook/   r:/hook
2019/03/30 11:27:07.971 [I] [parser.go:112]  generate router from comments
2019/03/30 11:27:07.985 [I] [router.go:270]  /Volumes/data/MyWork/goWork/src/WebHooks/controllers no changed
2019/03/30 11:27:07.995 [I] [asm_amd64.s:1333]  http server Running on http://:9990
2019/03/30 11:27:12.417 [I] [parser.go:112]  generate router from comments
2019/03/30 11:27:12.428 [I] [router.go:270]  /Volumes/data/MyWork/goWork/src/WebHooks/controllers no changed
2019/03/30 11:27:12.439 [I] [asm_amd64.s:1333]  http server Running on http://:9990
2019/03/30 11:27:15.340 [I] [parser.go:112]  generate router from comments
2019/03/30 11:27:15.442 [I] [router.go:270]  /Volumes/data/MyWork/goWork/src/WebHooks/controllers no changed
2019/03/30 11:27:15.450 [I] [asm_amd64.s:1333]  http server Running on http://:9990
2019/03/30 11:27:23.437 [I] [parser.go:112]  generate router from comments
2019/03/30 11:27:23.572 [I] [router.go:270]  /Volumes/data/MyWork/goWork/src/WebHooks/controllers no changed
2019/03/30 11:27:23.581 [I] [asm_amd64.s:1333]  http server Running on http://:9990
2019/03/30 11:27:25.799 [I] [router.go:270]  /Volumes/data/MyWork/goWork/src/WebHooks/controllers no changed
2019/03/30 11:27:25.801 [I] [router.go:270]  /Volumes/data/MyWork/goWork/src/WebHooks/controllers no changed
2019/03/30 11:27:25.819 [I] [asm_amd64.s:1333]  http server Running on http://:9990
2019/03/30 11:27:26.830 [E] [hook.go:18]  aaa 
2019/03/30 11:27:28.143 [D] [server.go:2741]  |            ::1|[42m 200 [0m| 1.312820037s|   match|[44m GET     [0m /hook/   r:/hook
2019/03/30 11:33:09.359 [I] [parser.go:112]  generate router from comments
2019/03/30 11:33:09.380 [I] [router.go:270]  /Volumes/data/MyWork/goWork/src/WebHooks/controllers no changed
2019/03/30 11:33:09.388 [I] [asm_amd64.s:1333]  http server Running on http://:9990
2019/03/30 11:59:45.471 [I] [router.go:270]  /Volumes/data/MyWork/goWork/src/WebHooks/controllers no changed
2019/03/30 11:59:45.471 [I] [router.go:270]  /Volumes/data/MyWork/goWork/src/WebHooks/controllers no changed
2019/03/30 11:59:45.477 [I] [asm_amd64.s:1333]  http server Running on http://:9990
2019/03/30 11:59:56.875 [E] [hook.go:19]  aaa 
2019/03/30 11:59:56.875 [D] [server.go:2741]  |            ::1|[42m 200 [0m|    373.185µs|   match|[44m GET     [0m /hook/   r:/hook
