2019/03/30 16:57:13.914 [I] [asm_amd64.s:1333]  http server Running on http://:9990
2019/03/30 16:57:20.834 [E] [hook.go:18]  aaaaaa 
2019/03/30 16:57:20.834 [D] [server.go:2741]  |            ::1|[42m 200 [0m|    397.867µs|   match|[44m GET     [0m /hook/   r:/hook
2019/03/30 17:04:57.470 [E] [hook.go:18]  aaaaaa 
2019/03/30 17:05:28.000 [E] [hook.go:18]  aaaaaa 
2019/03/30 17:24:26.794 [E] [hook.go:16]  aaaaaa 
2019/03/30 17:29:17.164 [E] [hook.go:46]  aaaaaa 
2019/03/30 17:30:01.467 [E] [hook.go:46]  aaaaaa 
2019/03/30 17:37:35.533 [E] [hook.go:45]  aaaaaa 
2019/03/30 17:38:50.549 [E] [hook.go:45]  aaaaaa 
2019/03/30 17:39:04.499 [E] [hook.go:45]  aaaaaa 
2019/03/30 17:39:27.532 [E] [hook.go:45]  aaaaaa 
2019/03/30 17:44:22.559 [E] [hook.go:45]  aaaaaa 
2019/03/30 19:44:00.444 [E] [hook.go:49]  aaaaaa 
2019/03/30 19:44:19.160 [E] [hook.go:49]  aaaaaa 
2019/03/30 19:45:16.874 [E] [hook.go:46]  aaaaaa 
2019/03/30 19:45:56.962 [E] [hook.go:46]  aaaaaa 
2019/03/30 19:47:26.486 [E] [hook.go:46]  aaaaaa 
2019/03/30 19:47:45.274 [E] [hook.go:46]  aaaaaa 
2019/03/30 19:48:32.655 [E] [hook.go:46]  aaaaaa 
2019/03/30 19:49:38.721 [C] [asm_amd64.s:1333]  ListenAndServe:  listen tcp :9990: bind: address already in use
2019/03/30 19:50:16.638 [C] [asm_amd64.s:1333]  ListenAndServe:  listen tcp :9990: bind: address already in use
2019/03/30 19:50:21.076 [E] [hook.go:42]  aaaaaa 
2019/03/30 19:51:51.329 [E] [hook.go:15]  {"ret":"aaa"} 
2019/03/30 19:51:51.329 [E] [hook.go:42]  aaaaaa 
2019/03/30 19:59:40.314 [E] [hook.go:46]  {"ret":"aaa"} 
2019/03/30 20:00:26.023 [I] [asm_amd64.s:1333]  http server Running on http://:9990
2019/03/30 20:00:32.551 [E] [hook.go:46]  {"ret":"aaa"} 
2019/03/30 20:00:32.551 [I] [hook.go:20]  [bash -c /Users/zacyuan/Documents/MyWork/goWork/src/WebHooks/shell/GitMySite.sh] 
2019/03/30 20:00:36.536 [I] [hook.go:38]  Already up to date.
 
2019/03/30 20:00:36.647 [D] [server.go:2741]  |            ::1|[42m 200 [0m| 4.096813877s|   match|[46m POST    [0m /hook/   r:/hook
2019/03/30 20:00:49.485 [I] [asm_amd64.s:1333]  http server Running on http://:9990
2019/03/30 20:01:52.231 [I] [asm_amd64.s:1333]  http server Running on http://:9990
2019/03/30 20:01:54.002 [I] [asm_amd64.s:1333]  http server Running on http://:9990
2019/03/30 20:01:57.380 [I] [asm_amd64.s:1333]  http server Running on http://:9990
2019/03/30 20:22:46.097 [I] [asm_amd64.s:1333]  http server Running on http://:9990
2019/03/30 20:22:47.711 [I] [asm_amd64.s:1333]  http server Running on http://:9990
2019/03/30 20:23:27.738 [I] [asm_amd64.s:1333]  http server Running on http://:9990
2019/03/30 20:23:30.184 [I] [asm_amd64.s:1333]  http server Running on http://:9990
2019/03/30 20:23:47.332 [I] [asm_amd64.s:1333]  http server Running on http://:9990
2019/03/30 21:03:54.905 [I] [asm_amd64.s:1333]  http server Running on http://:9990
2019/03/30 21:03:55.589 [I] [asm_amd64.s:1333]  http server Running on http://:9990
2019/03/30 21:03:57.658 [I] [asm_amd64.s:1333]  http server Running on http://:9990
2019/03/30 21:03:59.163 [I] [asm_amd64.s:1333]  http server Running on http://:9990
2019/03/30 21:05:12.900 [I] [asm_amd64.s:1333]  http server Running on http://:9990
2019/03/30 21:05:14.999 [I] [asm_amd64.s:1333]  http server Running on http://:9990
2019/03/30 21:05:46.412 [E] [hook.go:52]  {"ret":"aaa"} 
2019/03/30 21:05:46.412 [D] [server.go:2741]  |            ::1|[42m 200 [0m|    494.018µs|   match|[46m POST    [0m /hook/   r:/hook
2019/03/30 21:06:22.238 [I] [asm_amd64.s:1333]  http server Running on http://:9990
2019/03/30 21:06:31.302 [I] [asm_amd64.s:1333]  http server Running on http://:9990
2019/03/30 21:06:47.995 [I] [asm_amd64.s:1333]  http server Running on http://:9990
2019/03/30 21:07:01.176 [I] [asm_amd64.s:1333]  http server Running on http://:9990
2019/03/30 21:11:35.566 [I] [asm_amd64.s:1333]  http server Running on http://:9990
2019/03/30 21:11:38.718 [I] [asm_amd64.s:1333]  http server Running on http://:9990
2019/03/30 21:11:54.708 [I] [asm_amd64.s:1333]  http server Running on http://:9990
2019/03/30 21:12:00.225 [I] [asm_amd64.s:1333]  http server Running on http://:9990
2019/03/30 21:12:04.441 [I] [asm_amd64.s:1333]  http server Running on http://:9990
2019/03/30 21:12:07.346 [I] [asm_amd64.s:1333]  http server Running on http://:9990
2019/03/30 21:12:08.753 [I] [asm_amd64.s:1333]  http server Running on http://:9990
2019/03/30 21:12:16.682 [I] [asm_amd64.s:1333]  http server Running on http://:9990
2019/03/30 21:12:22.921 [I] [asm_amd64.s:1333]  http server Running on http://:9990
2019/03/30 21:12:25.745 [I] [asm_amd64.s:1333]  http server Running on http://:9990
2019/03/30 21:12:36.545 [I] [hook.go:50]  X-Hub-Signature: 
2019/03/30 21:12:36.545 [I] [hook.go:51]  body: 
2019/03/30 21:12:36.545 [D] [server.go:2741]  |            ::1|[42m 200 [0m|    361.631µs|   match|[44m GET     [0m /hook/   r:/hook
2019/03/30 21:12:44.692 [I] [hook.go:50]  X-Hub-Signature:sha1=7d38cdd689735b008b3c702edd92eea23791c5f6 
2019/03/30 21:12:44.692 [I] [hook.go:51]  body:{"ret":"aaa"} 
2019/03/30 21:12:44.692 [I] [hook.go:60]  sha1 7d38cdd689735b008b3c702edd92eea23791c5f6 
2019/03/30 21:12:44.692 [D] [server.go:2741]  |            ::1|[42m 200 [0m|    329.534µs|   match|[46m POST    [0m /hook/   r:/hook
2019/03/30 21:13:39.504 [I] [asm_amd64.s:1333]  http server Running on http://:9990
2019/03/30 21:13:47.438 [I] [asm_amd64.s:1333]  http server Running on http://:9990
2019/03/30 21:13:54.907 [I] [asm_amd64.s:1333]  http server Running on http://:9990
2019/03/30 21:14:01.663 [I] [asm_amd64.s:1333]  http server Running on http://:9990
2019/03/30 21:14:05.191 [I] [asm_amd64.s:1333]  http server Running on http://:9990
2019/03/30 21:14:06.856 [I] [asm_amd64.s:1333]  http server Running on http://:9990
2019/03/30 21:14:19.607 [I] [hook.go:50]  X-Hub-Signature:sha17d38cdd689735b008b3c702edd92eea23791c5f6 
2019/03/30 21:14:19.607 [I] [hook.go:51]  body:{"ret":"aaa"} 
2019/03/30 21:14:19.607 [D] [server.go:2741]  |            ::1|[42m 200 [0m|    347.269µs|   match|[46m POST    [0m /hook/   r:/hook
2019/03/30 21:14:29.235 [I] [hook.go:50]  X-Hub-Signature:sha1=7d38cdd689735b008b3c702edd92eea23791c5f6 
2019/03/30 21:14:29.235 [I] [hook.go:51]  body:{"ret":"aaa"} 
2019/03/30 21:14:29.235 [I] [hook.go:66]  sha1 7d38cdd689735b008b3c702edd92eea23791c5f6 
2019/03/30 21:14:29.235 [D] [server.go:2741]  |            ::1|[42m 200 [0m|    381.839µs|   match|[46m POST    [0m /hook/   r:/hook
2019/03/30 21:17:37.291 [I] [asm_amd64.s:1333]  http server Running on http://:9990
2019/03/30 21:18:14.892 [I] [asm_amd64.s:1333]  http server Running on http://:9990
2019/03/30 21:18:44.409 [I] [hook.go:53]  X-Hub-Signature:sha1=7d38cdd689735b008b3c702edd92eea23791c5f6 
2019/03/30 21:18:44.409 [I] [hook.go:54]  body:{"ret":"aaa"} 
2019/03/30 21:18:44.409 [I] [hook.go:79]  sha1 7d38cdd689735b008b3c702edd92eea23791c5f6 
2019/03/30 21:18:44.409 [D] [server.go:2741]  |            ::1|[42m 200 [0m|    1.38109ms|   match|[46m POST    [0m /hook/   r:/hook
2019/03/30 21:20:16.928 [I] [asm_amd64.s:1333]  http server Running on http://:9990
2019/03/30 21:20:34.327 [I] [asm_amd64.s:1333]  http server Running on http://:9990
2019/03/30 21:20:37.002 [I] [asm_amd64.s:1333]  http server Running on http://:9990
2019/03/30 21:22:02.294 [I] [asm_amd64.s:1333]  http server Running on http://:9990
2019/03/30 21:22:04.469 [I] [asm_amd64.s:1333]  http server Running on http://:9990
2019/03/30 21:22:12.637 [I] [asm_amd64.s:1333]  http server Running on http://:9990
2019/03/30 21:22:24.151 [I] [asm_amd64.s:1333]  http server Running on http://:9990
2019/03/30 21:22:27.224 [I] [asm_amd64.s:1333]  http server Running on http://:9990
2019/03/30 21:22:31.135 [I] [asm_amd64.s:1333]  http server Running on http://:9990
2019/03/30 21:22:32.757 [I] [asm_amd64.s:1333]  http server Running on http://:9990
2019/03/30 21:22:34.604 [I] [asm_amd64.s:1333]  http server Running on http://:9990
2019/03/30 21:22:35.032 [I] [hook.go:53]  X-Hub-Signature:sha1=7d38cdd689735b008b3c702edd92eea23791c5f6 
2019/03/30 21:22:35.032 [I] [hook.go:54]  body:{"ret":"aaa"} 
2019/03/30 21:22:35.032 [I] [hook.go:68]  60d95dccb3131f9d21fc0725443b06d86af2ff92 
2019/03/30 21:22:35.032 [I] [hook.go:77]  sha1 7d38cdd689735b008b3c702edd92eea23791c5f6 
2019/03/30 21:22:35.033 [D] [server.go:2741]  |            ::1|[42m 200 [0m|   1.411437ms|   match|[46m POST    [0m /hook/   r:/hook
2019/03/30 21:23:17.602 [I] [asm_amd64.s:1333]  http server Running on http://:9990
2019/03/30 21:23:24.005 [I] [asm_amd64.s:1333]  http server Running on http://:9990
2019/03/30 21:25:25.464 [I] [asm_amd64.s:1333]  http server Running on http://:9990
2019/03/30 21:25:27.213 [I] [asm_amd64.s:1333]  http server Running on http://:9990
2019/03/30 21:25:28.983 [I] [asm_amd64.s:1333]  http server Running on http://:9990
2019/03/30 21:25:34.353 [I] [asm_amd64.s:1333]  http server Running on http://:9990
2019/03/30 21:25:56.293 [I] [asm_amd64.s:1333]  http server Running on http://:9990
2019/03/30 21:26:21.048 [I] [asm_amd64.s:1333]  http server Running on http://:9990
2019/03/30 21:26:29.375 [I] [asm_amd64.s:1333]  http server Running on http://:9990
2019/03/30 21:26:33.046 [I] [asm_amd64.s:1333]  http server Running on http://:9990
2019/03/30 21:26:38.575 [I] [asm_amd64.s:1333]  http server Running on http://:9990
2019/03/30 21:26:46.129 [I] [asm_amd64.s:1333]  http server Running on http://:9990
2019/03/30 21:26:52.128 [I] [asm_amd64.s:1333]  http server Running on http://:9990
2019/03/30 21:26:55.721 [I] [asm_amd64.s:1333]  http server Running on http://:9990
2019/03/30 21:26:58.630 [I] [asm_amd64.s:1333]  http server Running on http://:9990
2019/03/30 21:27:03.193 [I] [asm_amd64.s:1333]  http server Running on http://:9990
2019/03/30 21:27:12.825 [I] [asm_amd64.s:1333]  http server Running on http://:9990
2019/03/30 21:27:14.098 [I] [asm_amd64.s:1333]  http server Running on http://:9990
2019/03/30 21:27:17.520 [I] [asm_amd64.s:1333]  http server Running on http://:9990
2019/03/30 21:27:29.285 [I] [asm_amd64.s:1333]  http server Running on http://:9990
2019/03/30 21:27:46.282 [I] [asm_amd64.s:1333]  http server Running on http://:9990
2019/03/30 21:27:51.117 [I] [asm_amd64.s:1333]  http server Running on http://:9990
2019/03/30 21:27:58.658 [I] [asm_amd64.s:1333]  http server Running on http://:9990
2019/03/30 21:28:02.526 [I] [asm_amd64.s:1333]  http server Running on http://:9990
2019/03/30 21:28:05.428 [I] [asm_amd64.s:1333]  http server Running on http://:9990
2019/03/30 21:28:07.075 [I] [asm_amd64.s:1333]  http server Running on http://:9990
2019/03/30 21:28:16.841 [I] [asm_amd64.s:1333]  http server Running on http://:9990
2019/03/30 21:28:22.066 [I] [asm_amd64.s:1333]  http server Running on http://:9990
2019/03/30 21:28:27.415 [I] [asm_amd64.s:1333]  http server Running on http://:9990
2019/03/30 21:28:30.936 [I] [asm_amd64.s:1333]  http server Running on http://:9990
2019/03/30 21:28:41.607 [I] [hook.go:53]  X-Hub-Signature:sha1=7d38cdd689735b008b3c702edd92eea23791c5f6 
2019/03/30 21:28:41.608 [I] [hook.go:54]  body:{"ret":"aaa"} 
2019/03/30 21:28:41.608 [I] [hook.go:75]  hmacStr = 1afbdc488e34fa9f71f7ccee022fd928da547971 
2019/03/30 21:28:41.608 [D] [server.go:2741]  |            ::1|[42m 200 [0m|   1.419988ms|   match|[46m POST    [0m /hook/   r:/hook
2019/03/30 21:29:03.806 [I] [hook.go:53]  X-Hub-Signature:sha1=1afbdc488e34fa9f71f7ccee022fd928da547971 
2019/03/30 21:29:03.806 [I] [hook.go:54]  body:{"ret":"aaa"} 
2019/03/30 21:29:03.806 [I] [hook.go:75]  hmacStr = 1afbdc488e34fa9f71f7ccee022fd928da547971 
2019/03/30 21:29:03.806 [I] [hook.go:81]  Git pull start... 
2019/03/30 21:29:03.806 [I] [hook.go:83]  Git pull end. 
2019/03/30 21:29:03.806 [D] [server.go:2741]  |            ::1|[42m 200 [0m|    496.131µs|   match|[46m POST    [0m /hook/   r:/hook
